{"C:\\desk\\jsonlog\\src\\index.ts": {"path":"C:\\desk\\jsonlog\\src\\index.ts","statementMap":{"0":{"start":{"line":1,"column":0},"end":{"line":1,"column":36}},"1":{"start":{"line":2,"column":0},"end":{"line":2,"column":53}},"2":{"start":{"line":9,"column":21},"end":{"line":9,"column":54}},"3":{"start":{"line":9,"column":50},"end":{"line":9,"column":null}},"4":{"start":{"line":11,"column":16},"end":{"line":11,"column":36}},"5":{"start":{"line":11,"column":35},"end":{"line":19,"column":null}},"6":{"start":{"line":12,"column":0},"end":{"line":19,"column":null}},"7":{"start":{"line":21,"column":17},"end":{"line":21,"column":38}},"8":{"start":{"line":21,"column":37},"end":{"line":21,"column":null}},"9":{"start":{"line":21,"column":66},"end":{"line":21,"column":null}},"10":{"start":{"line":23,"column":16},"end":{"line":23,"column":54}},"11":{"start":{"line":23,"column":49},"end":{"line":23,"column":null}},"12":{"start":{"line":24,"column":17},"end":{"line":24,"column":58}},"13":{"start":{"line":24,"column":51},"end":{"line":24,"column":null}},"14":{"start":{"line":26,"column":23},"end":{"line":26,"column":46}},"15":{"start":{"line":26,"column":24},"end":{"line":26,"column":45}},"16":{"start":{"line":26,"column":45},"end":{"line":34,"column":null}},"17":{"start":{"line":27,"column":2},"end":{"line":32,"column":null}},"18":{"start":{"line":28,"column":4},"end":{"line":28,"column":null}},"19":{"start":{"line":30,"column":7},"end":{"line":32,"column":null}},"20":{"start":{"line":31,"column":4},"end":{"line":31,"column":null}},"21":{"start":{"line":33,"column":2},"end":{"line":33,"column":null}},"22":{"start":{"line":26,"column":13},"end":{"line":26,"column":23}},"23":{"start":{"line":36,"column":19},"end":{"line":36,"column":50}},"24":{"start":{"line":36,"column":43},"end":{"line":36,"column":null}},"25":{"start":{"line":36,"column":13},"end":{"line":36,"column":19}}},"fnMap":{"0":{"name":"(anonymous_0)","decl":{"start":{"line":9,"column":21},"end":{"line":9,"column":22}},"loc":{"start":{"line":9,"column":36},"end":{"line":9,"column":54}}},"1":{"name":"(anonymous_1)","decl":{"start":{"line":11,"column":16},"end":{"line":11,"column":17}},"loc":{"start":{"line":11,"column":30},"end":{"line":11,"column":36}}},"2":{"name":"(anonymous_2)","decl":{"start":{"line":11,"column":35},"end":{"line":11,"column":36}},"loc":{"start":{"line":11,"column":50},"end":{"line":12,"column":3}}},"3":{"name":"(anonymous_3)","decl":{"start":{"line":21,"column":17},"end":{"line":21,"column":18}},"loc":{"start":{"line":21,"column":32},"end":{"line":21,"column":38}}},"4":{"name":"(anonymous_4)","decl":{"start":{"line":21,"column":37},"end":{"line":21,"column":38}},"loc":{"start":{"line":21,"column":53},"end":{"line":21,"column":70}}},"5":{"name":"(anonymous_5)","decl":{"start":{"line":23,"column":16},"end":{"line":23,"column":17}},"loc":{"start":{"line":23,"column":26},"end":{"line":23,"column":54}}},"6":{"name":"(anonymous_6)","decl":{"start":{"line":24,"column":17},"end":{"line":24,"column":18}},"loc":{"start":{"line":24,"column":27},"end":{"line":24,"column":58}}},"7":{"name":"(anonymous_7)","decl":{"start":{"line":26,"column":23},"end":{"line":26,"column":24}},"loc":{"start":{"line":26,"column":40},"end":{"line":26,"column":46}}},"8":{"name":"(anonymous_8)","decl":{"start":{"line":26,"column":45},"end":{"line":26,"column":46}},"loc":{"start":{"line":26,"column":56},"end":{"line":34,"column":1}}},"9":{"name":"(anonymous_9)","decl":{"start":{"line":36,"column":19},"end":{"line":36,"column":20}},"loc":{"start":{"line":36,"column":30},"end":{"line":36,"column":50}}}},"branchMap":{"0":{"loc":{"start":{"line":14,"column":6},"end":{"line":17,"column":12}},"type":"cond-expr","locations":[{"start":{"line":14,"column":6},"end":{"line":17,"column":12}},{"start":{"line":18,"column":9},"end":{"line":18,"column":66}}]},"1":{"loc":{"start":{"line":26,"column":24},"end":{"line":26,"column":45}},"type":"if","locations":[{"start":{"line":26,"column":24},"end":{"line":26,"column":45}},{"start":{"line":26,"column":24},"end":{"line":26,"column":45}}]},"2":{"loc":{"start":{"line":27,"column":2},"end":{"line":32,"column":null}},"type":"if","locations":[{"start":{"line":27,"column":2},"end":{"line":32,"column":null}},{"start":{"line":27,"column":2},"end":{"line":32,"column":null}}]},"3":{"loc":{"start":{"line":30,"column":7},"end":{"line":32,"column":null}},"type":"if","locations":[{"start":{"line":30,"column":7},"end":{"line":32,"column":null}},{"start":{"line":30,"column":7},"end":{"line":32,"column":null}}]}},"s":{"0":1,"1":1,"2":1,"3":0,"4":1,"5":0,"6":0,"7":1,"8":1,"9":1,"10":1,"11":1,"12":1,"13":1,"14":1,"15":1,"16":1,"17":1,"18":0,"19":1,"20":1,"21":0,"22":1,"23":1,"24":1,"25":1},"f":{"0":0,"1":0,"2":0,"3":1,"4":1,"5":1,"6":1,"7":1,"8":1,"9":1},"b":{"0":[0,0],"1":[0,1],"2":[0,1],"3":[1,0]}}
}
